<?xml version="1.0" encoding="UTF-8"?>
<!-- Generated by org.testng.reporters.JUnitXMLReporter -->
<testsuite ignored="0" hostname="RUPALI" failures="0" tests="5" name="Default test" time="230.904" errors="0" timestamp="2023-05-09T13:05:29 IST">
  <testcase classname="tests.NewContactPageTest" name="validateCreateContact" time="6.071"/>
  <testcase classname="tests.NewContactPageTest" name="validateCreateContact" time="5.419"/>
  <testcase classname="tests.NewContactPageTest" name="validateCreateContact" time="5.446"/>
  <testcase classname="tests.NewContactPageTest" name="validateCreateContact" time="5.538"/>
  <testcase classname="tests.NewContactPageTest" name="validateCreateContact" time="5.294"/>
</testsuite> <!-- Default test -->
