<?xml version="1.0" encoding="UTF-8"?>
<!-- Generated by org.testng.reporters.JUnitXMLReporter -->
<testsuite ignored="0" hostname="RUPALI" failures="0" tests="7" name="Test" time="217.125" errors="0" timestamp="2023-05-03T01:19:45 IST">
  <testcase classname="tests.LoginPageTest1" name="validateLinkTest" time="0.496"/>
  <testcase classname="tests.LoginPageTest1" name="validateLoginTest" time="16.742"/>
  <testcase classname="tests.LoginPageTest1" name="validateLogoTest" time="0.531"/>
  <testcase classname="tests.HomePageTest" name="validateHomePageLogoTest" time="0.235"/>
  <testcase classname="tests.HomePageTest" name="validateLogoutTest" time="5.407"/>
  <testcase classname="tests.HomePageTest" name="validateRedirectionCreateContactTest" time="4.791"/>
  <testcase classname="tests.HomePageTest" name="validateUserTest" time="0.204"/>
</testsuite> <!-- Test -->
