<?xml version="1.0" encoding="UTF-8"?>
<testng-results ignored="0" total="5" passed="5" failed="0" skipped="0">
  <reporter-output>
  </reporter-output>
  <suite started-at="2023-05-09T13:01:38 IST" name="Default suite" finished-at="2023-05-09T13:05:29 IST" duration-ms="230904">
    <groups>
    </groups>
    <test started-at="2023-05-09T13:01:38 IST" name="Default test" finished-at="2023-05-09T13:05:29 IST" duration-ms="230904">
      <class name="tests.NewContactPageTest">
        <test-method is-config="true" signature="initialization()[pri:0, instance:tests.NewContactPageTest@2ea41516]" started-at="2023-05-09T13:01:42 IST" name="initialization" finished-at="2023-05-09T13:02:24 IST" duration-ms="41850" status="PASS">
          <reporter-output>
          </reporter-output>
        </test-method> <!-- initialization -->
        <test-method signature="validateCreateContact(java.lang.String,java.lang.String,java.lang.String,java.lang.String)[pri:0, instance:tests.NewContactPageTest@2ea41516]" started-at="2023-05-09T13:02:24 IST" name="validateCreateContact" data-provider="ContactData" finished-at="2023-05-09T13:02:30 IST" duration-ms="6071" status="PASS">
          <params>
            <param index="0">
              <value>
                <![CDATA[Shyam]]>
              </value>
            </param>
            <param index="1">
              <value>
                <![CDATA[Patil]]>
              </value>
            </param>
            <param index="2">
              <value>
                <![CDATA[9.970297574E9]]>
              </value>
            </param>
            <param index="3">
              <value>
                <![CDATA[Nagpur]]>
              </value>
            </param>
          </params>
          <reporter-output>
          </reporter-output>
        </test-method> <!-- validateCreateContact -->
        <test-method is-config="true" signature="tearDown()[pri:0, instance:tests.NewContactPageTest@2ea41516]" started-at="2023-05-09T13:02:30 IST" name="tearDown" finished-at="2023-05-09T13:02:32 IST" duration-ms="2079" status="PASS">
          <reporter-output>
          </reporter-output>
        </test-method> <!-- tearDown -->
        <test-method is-config="true" signature="initialization()[pri:0, instance:tests.NewContactPageTest@2ea41516]" started-at="2023-05-09T13:02:32 IST" name="initialization" finished-at="2023-05-09T13:03:08 IST" duration-ms="35889" status="PASS">
          <reporter-output>
          </reporter-output>
        </test-method> <!-- initialization -->
        <test-method signature="validateCreateContact(java.lang.String,java.lang.String,java.lang.String,java.lang.String)[pri:0, instance:tests.NewContactPageTest@2ea41516]" started-at="2023-05-09T13:03:08 IST" name="validateCreateContact" data-provider="ContactData" finished-at="2023-05-09T13:03:14 IST" duration-ms="5419" status="PASS">
          <params>
            <param index="0">
              <value>
                <![CDATA[Ram]]>
              </value>
            </param>
            <param index="1">
              <value>
                <![CDATA[Bansoad]]>
              </value>
            </param>
            <param index="2">
              <value>
                <![CDATA[8.983638432E9]]>
              </value>
            </param>
            <param index="3">
              <value>
                <![CDATA[Mumbai]]>
              </value>
            </param>
          </params>
          <reporter-output>
          </reporter-output>
        </test-method> <!-- validateCreateContact -->
        <test-method is-config="true" signature="tearDown()[pri:0, instance:tests.NewContactPageTest@2ea41516]" started-at="2023-05-09T13:03:14 IST" name="tearDown" finished-at="2023-05-09T13:03:15 IST" duration-ms="1173" status="PASS">
          <reporter-output>
          </reporter-output>
        </test-method> <!-- tearDown -->
        <test-method is-config="true" signature="initialization()[pri:0, instance:tests.NewContactPageTest@2ea41516]" started-at="2023-05-09T13:03:15 IST" name="initialization" finished-at="2023-05-09T13:03:51 IST" duration-ms="35817" status="PASS">
          <reporter-output>
          </reporter-output>
        </test-method> <!-- initialization -->
        <test-method signature="validateCreateContact(java.lang.String,java.lang.String,java.lang.String,java.lang.String)[pri:0, instance:tests.NewContactPageTest@2ea41516]" started-at="2023-05-09T13:03:51 IST" name="validateCreateContact" data-provider="ContactData" finished-at="2023-05-09T13:03:56 IST" duration-ms="5446" status="PASS">
          <params>
            <param index="0">
              <value>
                <![CDATA[Rani]]>
              </value>
            </param>
            <param index="1">
              <value>
                <![CDATA[Shelke]]>
              </value>
            </param>
            <param index="2">
              <value>
                <![CDATA[9.23456781E9]]>
              </value>
            </param>
            <param index="3">
              <value>
                <![CDATA[Pune]]>
              </value>
            </param>
          </params>
          <reporter-output>
          </reporter-output>
        </test-method> <!-- validateCreateContact -->
        <test-method is-config="true" signature="tearDown()[pri:0, instance:tests.NewContactPageTest@2ea41516]" started-at="2023-05-09T13:03:56 IST" name="tearDown" finished-at="2023-05-09T13:03:57 IST" duration-ms="1418" status="PASS">
          <reporter-output>
          </reporter-output>
        </test-method> <!-- tearDown -->
        <test-method is-config="true" signature="initialization()[pri:0, instance:tests.NewContactPageTest@2ea41516]" started-at="2023-05-09T13:03:57 IST" name="initialization" finished-at="2023-05-09T13:04:39 IST" duration-ms="41963" status="PASS">
          <reporter-output>
          </reporter-output>
        </test-method> <!-- initialization -->
        <test-method signature="validateCreateContact(java.lang.String,java.lang.String,java.lang.String,java.lang.String)[pri:0, instance:tests.NewContactPageTest@2ea41516]" started-at="2023-05-09T13:04:39 IST" name="validateCreateContact" data-provider="ContactData" finished-at="2023-05-09T13:04:45 IST" duration-ms="5538" status="PASS">
          <params>
            <param index="0">
              <value>
                <![CDATA[Priya]]>
              </value>
            </param>
            <param index="1">
              <value>
                <![CDATA[Meshram]]>
              </value>
            </param>
            <param index="2">
              <value>
                <![CDATA[8.230984567E9]]>
              </value>
            </param>
            <param index="3">
              <value>
                <![CDATA[Delhi]]>
              </value>
            </param>
          </params>
          <reporter-output>
          </reporter-output>
        </test-method> <!-- validateCreateContact -->
        <test-method is-config="true" signature="tearDown()[pri:0, instance:tests.NewContactPageTest@2ea41516]" started-at="2023-05-09T13:04:45 IST" name="tearDown" finished-at="2023-05-09T13:04:46 IST" duration-ms="1297" status="PASS">
          <reporter-output>
          </reporter-output>
        </test-method> <!-- tearDown -->
        <test-method is-config="true" signature="initialization()[pri:0, instance:tests.NewContactPageTest@2ea41516]" started-at="2023-05-09T13:04:46 IST" name="initialization" finished-at="2023-05-09T13:05:23 IST" duration-ms="36665" status="PASS">
          <reporter-output>
          </reporter-output>
        </test-method> <!-- initialization -->
        <test-method signature="validateCreateContact(java.lang.String,java.lang.String,java.lang.String,java.lang.String)[pri:0, instance:tests.NewContactPageTest@2ea41516]" started-at="2023-05-09T13:05:23 IST" name="validateCreateContact" data-provider="ContactData" finished-at="2023-05-09T13:05:28 IST" duration-ms="5294" status="PASS">
          <params>
            <param index="0">
              <value>
                <![CDATA[Rushali]]>
              </value>
            </param>
            <param index="1">
              <value>
                <![CDATA[Mishra]]>
              </value>
            </param>
            <param index="2">
              <value>
                <![CDATA[9.970297547E9]]>
              </value>
            </param>
            <param index="3">
              <value>
                <![CDATA[Goa]]>
              </value>
            </param>
          </params>
          <reporter-output>
          </reporter-output>
        </test-method> <!-- validateCreateContact -->
        <test-method is-config="true" signature="tearDown()[pri:0, instance:tests.NewContactPageTest@2ea41516]" started-at="2023-05-09T13:05:28 IST" name="tearDown" finished-at="2023-05-09T13:05:29 IST" duration-ms="1129" status="PASS">
          <reporter-output>
          </reporter-output>
        </test-method> <!-- tearDown -->
      </class> <!-- tests.NewContactPageTest -->
    </test> <!-- Default test -->
  </suite> <!-- Default suite -->
</testng-results>
